<?xml version="1.0" encoding="UTF-8"?>
<!-- Generated by org.testng.reporters.JUnitReportReporter -->
<testsuite hostname="DESKTOP-87MMOQE" failures="0" tests="1" name="mvnproject.ClassThree" time="0.002" errors="0" timestamp="2022-04-05T18:36:46 CDT" skipped="0">
  <testcase classname="mvnproject.ClassThree" name="testThree" time="0.002"/>
  <system-out/>
</testsuite> <!-- mvnproject.ClassThree -->
