<?xml version="1.0" encoding="UTF-8"?>
<!-- Generated by org.testng.reporters.JUnitReportReporter -->
<testsuite hostname="DESKTOP-87MMOQE" failures="0" tests="3" name="pack.DataOne" time="0.008" errors="0" timestamp="2022-04-05T19:30:57 CDT" skipped="0">
  <testcase classname="pack.DataOne" name="TestdataDemo" time="0.001"/>
  <system-out/>
  <testcase classname="pack.DataOne" name="TestdataDemo" time="0.001"/>
  <system-out/>
  <testcase classname="pack.DataOne" name="TestdataDemo" time="0.006"/>
  <system-out/>
</testsuite> <!-- pack.DataOne -->
