<?xml version="1.0" encoding="UTF-8"?>
<!-- Generated by org.testng.reporters.JUnitReportReporter -->
<testsuite hostname="DESKTOP-87MMOQE" failures="0" tests="2" name="demo.mvnproject.Demo3" time="0.006" errors="0" timestamp="2022-04-05T13:11:20 CDT" skipped="0">
  <testcase classname="demo.mvnproject.Demo3" name="testTwo" time="0.004"/>
  <system-out/>
  <testcase classname="demo.mvnproject.Demo3" name="testone" time="0.002"/>
  <system-out/>
</testsuite> <!-- demo.mvnproject.Demo3 -->
