<?xml version="1.0" encoding="UTF-8"?>
<!-- Generated by org.testng.reporters.JUnitReportReporter -->
<testsuite hostname="DESKTOP-87MMOQE" failures="0" tests="1" name="mvnproject.ClassTwo" time="0.007" errors="0" timestamp="2022-04-05T18:36:46 CDT" skipped="0">
  <testcase classname="mvnproject.ClassTwo" name="testTwo" time="0.007"/>
  <system-out/>
</testsuite> <!-- mvnproject.ClassTwo -->
