<?xml version="1.0" encoding="UTF-8"?>
<!-- Generated by org.testng.reporters.JUnitReportReporter -->
<testsuite hostname="DESKTOP-87MMOQE" failures="0" tests="1" name="ClassFour.ClassFour" time="0.000" errors="0" timestamp="2022-04-05T14:27:51 CDT" skipped="0">
  <testcase classname="ClassFour.ClassFour" name="testFour" time="0.000"/>
  <system-out/>
</testsuite> <!-- ClassFour.ClassFour -->
