<?xml version="1.0" encoding="UTF-8"?>
<!-- Generated by org.testng.reporters.JUnitReportReporter -->
<testsuite hostname="DESKTOP-87MMOQE" failures="0" tests="3" name="pack.ClassFive" time="0.010" errors="0" timestamp="2022-04-05T18:44:56 CDT" skipped="0">
  <testcase classname="pack.ClassFive" name="testseven" time="0.001"/>
  <system-out/>
  <testcase classname="pack.ClassFive" name="testfive" time="0.008"/>
  <system-out/>
  <testcase classname="pack.ClassFive" name="testsix" time="0.001"/>
  <system-out/>
</testsuite> <!-- pack.ClassFive -->
