<?xml version="1.0" encoding="UTF-8"?>
<!-- Generated by org.testng.reporters.JUnitReportReporter -->
<testsuite hostname="DESKTOP-87MMOQE" failures="0" tests="4" name="mvnproject.ClassOne" time="0.010" errors="0" timestamp="2022-04-05T18:38:14 CDT" skipped="0">
  <testcase classname="mvnproject.ClassOne" name="testFour" time="0.007"/>
  <system-out/>
  <testcase classname="mvnproject.ClassOne" name="testTwo" time="0.001"/>
  <system-out/>
  <testcase classname="mvnproject.ClassOne" name="testThree" time="0.001"/>
  <system-out/>
  <testcase classname="mvnproject.ClassOne" name="testOne" time="0.001"/>
  <system-out/>
</testsuite> <!-- mvnproject.ClassOne -->
